<?xml version="1.0" encoding="UTF-8"?>
<testng-results ignored="0" total="2" passed="2" failed="0" skipped="0">
  <reporter-output>
  </reporter-output>
  <suite started-at="2024-08-10T18:57:48 IST" name="Default suite" finished-at="2024-08-10T18:58:06 IST" duration-ms="17512">
    <groups>
    </groups>
    <test started-at="2024-08-10T18:57:48 IST" name="Default test" finished-at="2024-08-10T18:58:06 IST" duration-ms="17512">
      <class name="com.saucedemo.tests.OverviewPageTest">
        <test-method is-config="true" signature="reportGen()[pri:0, instance:com.saucedemo.tests.OverviewPageTest@6989da5e]" started-at="2024-08-10T18:57:48 IST" name="reportGen" finished-at="2024-08-10T18:57:48 IST" duration-ms="348" status="PASS">
          <reporter-output>
          </reporter-output>
        </test-method> <!-- reportGen -->
        <test-method is-config="true" signature="browserSetup()[pri:0, instance:com.saucedemo.tests.OverviewPageTest@6989da5e]" started-at="2024-08-10T18:57:48 IST" name="browserSetup" finished-at="2024-08-10T18:57:55 IST" duration-ms="6629" status="PASS">
          <reporter-output>
          </reporter-output>
        </test-method> <!-- browserSetup -->
        <test-method is-config="true" signature="pageSetUp()[pri:0, instance:com.saucedemo.tests.OverviewPageTest@6989da5e]" started-at="2024-08-10T18:57:55 IST" name="pageSetUp" finished-at="2024-08-10T18:58:04 IST" duration-ms="8409" status="PASS">
          <reporter-output>
          </reporter-output>
        </test-method> <!-- pageSetUp -->
        <test-method signature="cancelVerification()[pri:1, instance:com.saucedemo.tests.OverviewPageTest@6989da5e]" started-at="2024-08-10T18:58:04 IST" name="cancelVerification" finished-at="2024-08-10T18:58:04 IST" duration-ms="331" status="PASS">
          <reporter-output>
          </reporter-output>
        </test-method> <!-- cancelVerification -->
        <test-method signature="finalVerification()[pri:2, instance:com.saucedemo.tests.OverviewPageTest@6989da5e]" started-at="2024-08-10T18:58:04 IST" name="finalVerification" finished-at="2024-08-10T18:58:06 IST" duration-ms="1918" status="PASS">
          <reporter-output>
          </reporter-output>
        </test-method> <!-- finalVerification -->
        <test-method is-config="true" signature="tearDown()[pri:0, instance:com.saucedemo.tests.OverviewPageTest@6989da5e]" started-at="2024-08-10T18:58:06 IST" name="tearDown" finished-at="2024-08-10T18:58:10 IST" duration-ms="3927" status="PASS">
          <reporter-output>
          </reporter-output>
        </test-method> <!-- tearDown -->
      </class> <!-- com.saucedemo.tests.OverviewPageTest -->
    </test> <!-- Default test -->
  </suite> <!-- Default suite -->
</testng-results>
